Flow report for de0n-neorv32-sdram-direct
Fri Apr  1 11:45:46 2022
Quartus Prime Version 20.1.1 Build 720 11/11/2020 SJ Lite Edition


---------------------
; Table of Contents ;
---------------------
  1. Legal Notice
  2. Flow Summary
  3. Flow Settings
  4. Flow Non-Default Global Settings
  5. Flow Elapsed Time
  6. Flow OS Summary
  7. Flow Log
  8. Flow Messages
  9. Flow Suppressed Messages



----------------
; Legal Notice ;
----------------
Copyright (C) 2020  Intel Corporation. All rights reserved.
Your use of Intel Corporation's design tools, logic functions 
and other software and tools, and any partner logic 
functions, and any output files from any of the foregoing 
(including device programming or simulation files), and any 
associated documentation or information are expressly subject 
to the terms and conditions of the Intel Program License 
Subscription Agreement, the Intel Quartus Prime License Agreement,
the Intel FPGA IP License Agreement, or other applicable license
agreement, including, without limitation, that your use is for
the sole purpose of programming logic devices manufactured by
Intel and sold by Intel or its authorized distributors.  Please
refer to the applicable agreement for further details, at
https://fpgasoftware.intel.com/eula.



+----------------------------------------------------------------------------------+
; Flow Summary                                                                     ;
+------------------------------------+---------------------------------------------+
; Flow Status                        ; Successful - Fri Apr  1 11:45:41 2022       ;
; Quartus Prime Version              ; 20.1.1 Build 720 11/11/2020 SJ Lite Edition ;
; Revision Name                      ; de0n-neorv32-sdram-direct                   ;
; Top-level Entity Name              ; top                                         ;
; Family                             ; Cyclone IV E                                ;
; Device                             ; EP4CE22F17C6                                ;
; Timing Models                      ; Final                                       ;
; Total logic elements               ; 4,893 / 22,320 ( 22 % )                     ;
;     Total combinational functions  ; 4,317 / 22,320 ( 19 % )                     ;
;     Dedicated logic registers      ; 2,424 / 22,320 ( 11 % )                     ;
; Total registers                    ; 2424                                        ;
; Total pins                         ; 57 / 154 ( 37 % )                           ;
; Total virtual pins                 ; 0                                           ;
; Total memory bits                  ; 427,008 / 608,256 ( 70 % )                  ;
; Embedded Multiplier 9-bit elements ; 0 / 132 ( 0 % )                             ;
; Total PLLs                         ; 1 / 4 ( 25 % )                              ;
+------------------------------------+---------------------------------------------+


+-----------------------------------------------+
; Flow Settings                                 ;
+-------------------+---------------------------+
; Option            ; Setting                   ;
+-------------------+---------------------------+
; Start date & time ; 04/01/2022 11:44:31       ;
; Main task         ; Compilation               ;
; Revision Name     ; de0n-neorv32-sdram-direct ;
+-------------------+---------------------------+


+-------------------------------------------------------------------------------------------------------------------------------------+
; Flow Non-Default Global Settings                                                                                                    ;
+-------------------------------------+----------------------------------------+---------------------------+-------------+------------+
; Assignment Name                     ; Value                                  ; Default Value             ; Entity Name ; Section Id ;
+-------------------------------------+----------------------------------------+---------------------------+-------------+------------+
; COMPILER_SIGNATURE_ID               ; 71126643906493.164880627124741         ; --                        ; --          ; --         ;
; MAX_CORE_JUNCTION_TEMP              ; 85                                     ; --                        ; --          ; --         ;
; MIN_CORE_JUNCTION_TEMP              ; 0                                      ; --                        ; --          ; --         ;
; MISC_FILE                           ; src/pll/pll_sys.cmp                    ; --                        ; --          ; --         ;
; MISC_FILE                           ; src/pll/pll_sys.ppf                    ; --                        ; --          ; --         ;
; NOMINAL_CORE_SUPPLY_VOLTAGE         ; 1.2V                                   ; --                        ; --          ; --         ;
; PARTITION_COLOR                     ; -- (Not supported for targeted family) ; --                        ; top         ; Top        ;
; PARTITION_FITTER_PRESERVATION_LEVEL ; -- (Not supported for targeted family) ; --                        ; top         ; Top        ;
; PARTITION_NETLIST_TYPE              ; -- (Not supported for targeted family) ; --                        ; top         ; Top        ;
; POWER_BOARD_THERMAL_MODEL           ; None (CONSERVATIVE)                    ; --                        ; --          ; --         ;
; POWER_PRESET_COOLING_SOLUTION       ; 23 MM HEAT SINK WITH 200 LFPM AIRFLOW  ; --                        ; --          ; --         ;
; PROJECT_OUTPUT_DIRECTORY            ; output_files                           ; --                        ; --          ; --         ;
; TOP_LEVEL_ENTITY                    ; top                                    ; de0n-neorv32-sdram-direct ; --          ; --         ;
+-------------------------------------+----------------------------------------+---------------------------+-------------+------------+


+--------------------------------------------------------------------------------------------------------------------------+
; Flow Elapsed Time                                                                                                        ;
+----------------------+--------------+-------------------------+---------------------+------------------------------------+
; Module Name          ; Elapsed Time ; Average Processors Used ; Peak Virtual Memory ; Total CPU Time (on all processors) ;
+----------------------+--------------+-------------------------+---------------------+------------------------------------+
; Analysis & Synthesis ; 00:00:25     ; 1.0                     ; 504 MB              ; 00:00:35                           ;
; Fitter               ; 00:00:32     ; 1.1                     ; 1060 MB             ; 00:00:50                           ;
; Assembler            ; 00:00:01     ; 1.0                     ; 369 MB              ; 00:00:01                           ;
; Timing Analyzer      ; 00:00:04     ; 1.5                     ; 544 MB              ; 00:00:05                           ;
; Total                ; 00:01:02     ; --                      ; --                  ; 00:01:31                           ;
+----------------------+--------------+-------------------------+---------------------+------------------------------------+


+----------------------------------------------------------------------------------------+
; Flow OS Summary                                                                        ;
+----------------------+------------------+----------------+------------+----------------+
; Module Name          ; Machine Hostname ; OS Name        ; OS Version ; Processor type ;
+----------------------+------------------+----------------+------------+----------------+
; Analysis & Synthesis ; matej-desktop    ; Ubuntu 20.04.4 ; 20         ; x86_64         ;
; Fitter               ; matej-desktop    ; Ubuntu 20.04.4 ; 20         ; x86_64         ;
; Assembler            ; matej-desktop    ; Ubuntu 20.04.4 ; 20         ; x86_64         ;
; Timing Analyzer      ; matej-desktop    ; Ubuntu 20.04.4 ; 20         ; x86_64         ;
+----------------------+------------------+----------------+------------+----------------+


------------
; Flow Log ;
------------
quartus_map --read_settings_files=on --write_settings_files=off de0n-neorv32-sdram-direct -c de0n-neorv32-sdram-direct
quartus_fit --read_settings_files=off --write_settings_files=off de0n-neorv32-sdram-direct -c de0n-neorv32-sdram-direct
quartus_asm --read_settings_files=off --write_settings_files=off de0n-neorv32-sdram-direct -c de0n-neorv32-sdram-direct
quartus_sta de0n-neorv32-sdram-direct -c de0n-neorv32-sdram-direct



